TN:
SF:App.js
FN:6,App
FNF:1
FNH:0
FNDA:0,App
DA:7,0
DA:10,0
LF:2
LH:0
BRF:0
BRH:0
end_of_record
TN:
SF:StyledComponents.js
FNF:0
FNH:0
DA:3,0
DA:11,0
LF:2
LH:0
BRF:0
BRH:0
end_of_record
TN:
SF:navigator.js
FN:13,AppNavigator
FNF:1
FNH:0
FNDA:0,AppNavigator
DA:11,0
DA:14,0
LF:2
LH:0
BRF:0
BRH:0
end_of_record
TN:
SF:components/customizedcolor.js
FN:24,(anonymous_0)
FN:29,(anonymous_1)
FNF:2
FNH:0
FNDA:0,(anonymous_0)
FNDA:0,(anonymous_1)
DA:24,0
DA:25,0
DA:27,0
DA:29,0
LF:4
LH:0
BRF:0
BRH:0
end_of_record
TN:
SF:components/draggableIcon.js
FN:4,(anonymous_0)
FN:7,(anonymous_1)
FN:13,(anonymous_2)
FN:17,(anonymous_3)
FN:21,(anonymous_4)
FNF:5
FNH:0
FNDA:0,(anonymous_0)
FNDA:0,(anonymous_1)
FNDA:0,(anonymous_2)
FNDA:0,(anonymous_3)
FNDA:0,(anonymous_4)
DA:4,0
DA:5,0
DA:7,0
DA:8,0
DA:11,0
DA:13,0
DA:18,0
DA:22,0
DA:26,0
DA:30,0
LF:10
LH:0
BRDA:4,0,0,0
BRF:1
BRH:0
end_of_record
TN:
SF:components/footer.js
FN:21,(anonymous_0)
FN:22,(anonymous_1)
FNF:2
FNH:0
FNDA:0,(anonymous_0)
FNDA:0,(anonymous_1)
DA:7,0
DA:17,0
DA:21,0
DA:22,0
DA:23,0
DA:27,0
LF:6
LH:0
BRF:0
BRH:0
end_of_record
TN:
SF:components/userstatus.js
FN:4,(anonymous_0)
FN:7,(anonymous_1)
FN:15,(anonymous_2)
FN:20,(anonymous_3)
FN:25,(anonymous_4)
FNF:5
FNH:0
FNDA:0,(anonymous_0)
FNDA:0,(anonymous_1)
FNDA:0,(anonymous_2)
FNDA:0,(anonymous_3)
FNDA:0,(anonymous_4)
DA:4,0
DA:5,0
DA:7,0
DA:8,0
DA:9,0
DA:12,0
DA:15,0
DA:20,0
DA:25,0
DA:34,0
LF:10
LH:0
BRDA:16,0,0,0
BRDA:16,0,1,0
BRDA:21,1,0,0
BRDA:21,1,1,0
BRDA:26,2,0,0
BRDA:26,2,1,0
BRF:6
BRH:0
end_of_record
TN:
SF:lib/firebase.js
FN:27,(anonymous_0)
FNF:1
FNH:0
FNDA:0,(anonymous_0)
DA:18,0
DA:27,0
DA:28,0
DA:30,0
DA:33,0
DA:35,0
DA:37,0
DA:42,0
DA:44,0
DA:47,0
LF:10
LH:0
BRF:0
BRH:0
end_of_record
TN:
SF:pages/home.js
FN:22,Home
FN:25,(anonymous_1)
FN:31,(anonymous_2)
FN:39,(anonymous_3)
FNF:4
FNH:0
FNDA:0,Home
FNDA:0,(anonymous_1)
FNDA:0,(anonymous_2)
FNDA:0,(anonymous_3)
DA:23,0
DA:25,0
DA:26,0
DA:31,0
DA:32,0
DA:33,0
DA:35,0
DA:39,0
DA:40,0
DA:43,0
LF:10
LH:0
BRDA:32,0,0,0
BRDA:32,0,1,0
BRDA:40,1,0,0
BRDA:40,1,1,0
BRF:4
BRH:0
end_of_record
TN:
SF:pages/landing.js
FN:7,Landing
FN:10,(anonymous_1)
FNF:2
FNH:0
FNDA:0,Landing
FNDA:0,(anonymous_1)
DA:8,0
DA:10,0
DA:11,0
DA:19,0
LF:4
LH:0
BRF:0
BRH:0
end_of_record
TN:
SF:pages/login.js
FN:9,(anonymous_0)
FN:13,(anonymous_1)
FN:14,(anonymous_2)
FN:24,(anonymous_3)
FN:35,(anonymous_4)
FNF:5
FNH:0
FNDA:0,(anonymous_0)
FNDA:0,(anonymous_1)
FNDA:0,(anonymous_2)
FNDA:0,(anonymous_3)
FNDA:0,(anonymous_4)
DA:9,0
DA:10,0
DA:11,0
DA:13,0
DA:14,0
DA:15,0
DA:16,0
DA:20,0
DA:24,0
DA:25,0
DA:27,0
DA:28,0
DA:29,0
DA:31,0
DA:35,0
DA:36,0
DA:39,0
DA:79,0
LF:18
LH:0
BRDA:15,0,0,0
BRDA:15,0,1,0
BRF:2
BRH:0
end_of_record
TN:
SF:pages/register.js
FN:10,(anonymous_0)
FN:17,(anonymous_1)
FN:28,(anonymous_2)
FN:33,(anonymous_3)
FN:39,(anonymous_4)
FN:105,(anonymous_5)
FNF:6
FNH:0
FNDA:0,(anonymous_0)
FNDA:0,(anonymous_1)
FNDA:0,(anonymous_2)
FNDA:0,(anonymous_3)
FNDA:0,(anonymous_4)
FNDA:0,(anonymous_5)
DA:10,0
DA:11,0
DA:12,0
DA:13,0
DA:14,0
DA:15,0
DA:17,0
DA:19,0
DA:20,0
DA:21,0
DA:22,0
DA:23,0
DA:25,0
DA:28,0
DA:29,0
DA:30,0
DA:33,0
DA:35,0
DA:36,0
DA:39,0
DA:40,0
DA:41,0
DA:43,0
DA:44,0
DA:46,0
DA:48,0
DA:49,0
DA:51,0
DA:54,0
DA:55,0
DA:56,0
DA:57,0
DA:59,0
DA:60,0
DA:62,0
DA:70,0
DA:72,0
DA:73,0
DA:75,0
DA:76,0
DA:80,0
DA:81,0
DA:83,0
DA:105,0
DA:143,0
LF:45
LH:0
BRDA:22,0,0,0
BRDA:22,0,1,0
BRDA:43,1,0,0
BRDA:43,1,1,0
BRDA:48,2,0,0
BRDA:48,2,1,0
BRDA:115,3,0,0
BRDA:115,3,1,0
BRDA:124,4,0,0
BRDA:124,4,1,0
BRF:10
BRH:0
end_of_record
TN:
SF:pages/testuser.js
FN:5,(anonymous_0)
FNF:1
FNH:0
FNDA:0,(anonymous_0)
DA:5,0
DA:6,0
DA:8,0
DA:9,0
DA:15,0
DA:17,0
LF:6
LH:0
BRF:0
BRH:0
end_of_record
TN:
SF:pages/validation.js
FN:3,isValidEmail
FN:9,isValidPassword
FNF:2
FNH:0
FNDA:0,isValidEmail
FNDA:0,isValidPassword
DA:5,0
DA:6,0
DA:12,0
LF:3
LH:0
BRF:0
BRH:0
end_of_record
TN:
SF:pages/vehicleinfo.js
FN:5,(anonymous_0)
FN:12,(anonymous_1)
FN:24,(anonymous_2)
FN:67,(anonymous_3)
FNF:4
FNH:0
FNDA:0,(anonymous_0)
FNDA:0,(anonymous_1)
FNDA:0,(anonymous_2)
FNDA:0,(anonymous_3)
DA:5,0
DA:6,0
DA:7,0
DA:8,0
DA:9,0
DA:10,0
DA:12,0
DA:13,0
DA:21,0
DA:24,0
DA:25,0
DA:33,0
DA:35,0
DA:36,0
DA:37,0
DA:38,0
DA:39,0
DA:42,0
DA:67,0
DA:145,0
LF:20
LH:0
BRF:0
BRH:0
end_of_record
TN:
SF:stylePages/homePage.js
FNF:0
FNH:0
DA:3,0
DA:8,0
DA:14,0
DA:19,0
DA:36,0
LF:5
LH:0
BRF:0
BRH:0
end_of_record
